0 silly argv {
0 silly argv   _: [ 'create' ],
0 silly argv   lernaVersion: '8.1.3',
0 silly argv   '$0': 'lerna',
0 silly argv   name: 'proj-type'
0 silly argv }
1 notice cli v8.1.3
2 verbose packageConfigs Resolving packages based on package.json "workspaces" configuration.
3 verbose rootPath /Users/hujimin/jim_frontend
4 error Error: canceled
4 error     at Interface.<anonymous> (/Users/hujimin/jim_frontend/node_modules/promzard/node_modules/read/dist/commonjs/read.js:89:21)
4 error     at Interface.emit (node:events:520:28)
4 error     at Interface._ttyWrite (node:readline:1081:16)
4 error     at ReadStream.onkeypress (node:readline:288:10)
4 error     at ReadStream.emit (node:events:520:28)
4 error     at emitKeys (node:internal/readline/utils:358:14)
4 error     at emitKeys.next (<anonymous>)
4 error     at ReadStream.onData (node:internal/readline/emitKeypressEvents:61:36)
4 error     at ReadStream.emit (node:events:520:28)
4 error     at addChunk (node:internal/streams/readable:315:12)
4 error     at readableAddChunk (node:internal/streams/readable:289:9)
4 error     at ReadStream.Readable.push (node:internal/streams/readable:228:10)
